<?xml version="1.0" encoding="UTF-8"?>
<!-- Generated by org.testng.reporters.JUnitReportReporter -->
<testsuite hostname="DESKTOP-6CUE8A3" failures="0" tests="1" name="com.saucedemo.testlayer.LoginTest" time="48.669" errors="0" timestamp="2023-10-02T21:55:18 IST" skipped="0">
  <testcase classname="com.saucedemo.testlayer.LoginTest" name="loginTestWithValidCredential" time="48.669"/>
</testsuite> <!-- com.saucedemo.testlayer.LoginTest -->
